[0m[[0minfo[0m] [0mLoading global plugins from /Users/edward.prentice/.sbt/0.13/plugins/project[0m
[0m[[0minfo[0m] [0mLoading global plugins from /Users/edward.prentice/.sbt/0.13/plugins[0m
[0m[[0minfo[0m] [0mLoading project definition from /Users/edward.prentice/egp/puzzle/project[0m
[0m[[0minfo[0m] [0mSet current project to Puzzle (in build file:/Users/edward.prentice/egp/puzzle/)[0m
[0m[[0minfo[0m] [0mCompiling 1 Scala source to /Users/edward.prentice/egp/puzzle/target/scala-2.12/classes...[0m
[0m[[0minfo[0m] [0mRunning net.egp.puzzle.Puzzle [0m
phrases.txt		lines=14
exclusions.txt		lines=13
words.txt		lines=167930
read 14 phrases, 13 exclusions, and 167930 words
c(rot=0,col=0,6,2)
List(fleabags, feelings, feedings, feedbags)
List(infusers, infantry)
List(niobates, neotypes, neonates)
List(atropism, airiness, airburst, airbrush, acrotism, acridest)
List(niellist, needless, neediest)
List(coverups)
List(ideation)
List(atropism, airiness, airburst, airbrush, acrotism, acridest)
List(loyalist, loyalism, loyalest)
List(pyogenic, proxemic, protoxid, protonic, protatic, protasis, protamin, prosodic, propylic, propolis, prolific, prolamin, prohibit, progeria, proclaim, prochein, prochain, photopic, photopia, photonic, phosphin, phosphid, phoronid, phonetic, phonemic)
List(renminbi)
List(overwily, overtalk, oversold, oversell, oversalt, oversale, overrule, overmilk, overmild, overmelt, overkill, overidle, overholy, overhold, overheld, overgilt, overgild, overfull, overfill, overcold, overcall, overbold, overbill, overalls, overable, opercule, opercula, opercele, operably, operable, openable, obeyable)
c(rot=0,col=3,5,0)
List(moistful, menseful)
List(expirers, exciters, excimers, equiseta, equinely, entirety, entirely, enticers, enlivens, enginery, engineer, eloiners, eeriness, edginess, easiness)
List(coexerts)
List(ruttiest, rustless, rustlers, rustiest, runtiest, rootlets, rootless, rootiest, rontgens, riftless, reutters, restress, restless, rentiers, rattlers, rattiest, ratteens, raptness)
List(exchange, euphonic, euphenic, etchings, etchants, errhines, enchants)
List(dogfaces, deifical)
List(influent)
List(tomorrow, tomogram, thiourea, theocrat, tabouret, tabourer, taboured)
List(kimonoed, kilovolt, kilotons, kilomole)
List(acarpous)
List(ranchmen, ranchman)
List(marooned, madonnas)
List(aventail, aduncate, abundant)
c(rot=0,col=3,6,0)
List(sighting, saxhorns)
List(sweeties, sweepier, sweenies, sureties, superset, supermen, superjet, superber, streusel, stresses, stressed, streeled, streeker, streeked, streamer, streamed, streaker, streaked, steeples, steepled, steelies, steelier, squegged, squeezes, squeezer, squeezed, squeegee, squealer, squealed, squeaker, squeaked, spreader, spherier, speedier, speeches, somewhen, somerset, someones, soleuses, solemner, sneezier, sneeshes, sleetier, sleepier, sleekier, sklented, silenter, silences, silencer, silenced, sidestep, shrewder, shredder, shredded, shoetree, shlepped, shlemiel, shielder, shielded, sheetfed, sheepmen, sheenies, sheenier, semester, selectee, selected, secerned, screwier, screener, screened, screeded, screamer, screamed, screaked, sciences, salesmen, safeties, safetied)
List(exalters, evolvers)
List(mispoise, misparse)
List(prefight)
List(aequorin, acoustic)
List(trollopy, trollops, tailpipe)
List(hornpipe)
List(yodelers)
List(housetop, houseboy, horsepox)
List(outsings, offstage)
List(proofers, popovers, podomere, podocarp)
List(eyewater, entwines, entwined, ekpweles, earwaxes)
c(rot=0,col=1,7,3)
List(ostracods, ostracode)
List(ridership, literatim, libecchio, kinematic, firemanic, fideistic, eisegesis, disentail, directrix, digenetic, dicentric, diaeretic, diaeresis, cineraria, cinematic, bigeneric)
List(exonerate, exanimate)
List(sticklike)
List(wheelsman, cheerlead)
List(affrayers)
List(pleonasms, algorisms)
List(yokozunas, tokonomas, solonchak, motorboat, monovular, monodical, monocular, homopolar, colostral, cocobolas)
List(nonmusics, dogmatics, cosmetics)
List(urination, truncheon, prunellos, pronation, princedom, prenotion, crenation)
List(scrawling, scrapping, scramming, scragging, sclaffing, occasions)
List(premodify)
List(venerates, venerated, venenates, venenated, vegetates, vegetated, teredines, terebenes, televises, televised, telemeter, sewerages, seventies, seventeen, serenades, serenader, serenaded, selenites, selenides, selenates, selectmen, selectees, reweighed, revelries, reveilles, reteaches, resettles, resettled, resembles, resembled, resecures, resecured, reredoses, repeoples, repeopled, renegades, renegaded, relegates, relegated, relearned, rejectees, rehearses, rehearser, rehearsed, regencies, regelates, regelated, redeliver, redefines, redefined, redecides, redecided, recencies, receipted, pelerines, nepenthes, meterages, merengues, mementoes, leverages, leveraged, jewelweed, jewelries, heteroses, hereunder, hereafter, hebetudes, hebetates, hebetated, generates, generated, federates, federated, developes, developer, developed, demerited, delegates, delegatee, delegated, defecates, defecated, decentres, decentred, decencies, deaerates, deaerated, bewearies, bewearied, beverages, beseeches, beseeched, benempted, benefiter, benefited, benefices, beneficed, bemedaled, beleaguer, bejeweled, bedeviled)
c(rot=0,col=2,4,7)
List(residuary)
List(utilities, tritiated, trinities, spirituel, privities, opinioned, initiates, initiated, initialed, eligibles, critiques, critiqued, ceilinged, avidities, aridities, anilities, aminities, agilities, acidities, acidifies, acidifier, acidified, abilities)
List(vexations, taxations, luxations, laxations, fixations)
List(antiknock)
List(uphoarded, schnauzer, schmalzes, rehearses, rehearser, rehearsed)
List(reformers, referrers, offertory, informers, infirmary, inferrers, inferiors, enforcers, deformers, deferrers, affirmers)
List(palominos)
List(violation, quotation, proration, pronation, probation, phonation, ozonation, isolation, flotation, evocation, avocation, adoration)
List(stoicisms, exorcisms, dioecisms)
List(varooming, uprooting, unrooting, unroofing, turbofans, threonine, sorrowing, scrooping, reroofing, purposing, parvolins, parroting, pardoning, narrowing, mirroring, marrowing, marooning, karyotins, jargoning, harrowing, harboring, garroting, furrowing, forboding, ferrocene, farrowing, enrooting, corroding, corposant, cormorant, cordovans, cordoning, caryotins, cartoning, carrotins, carroming, burrowing, borrowing, aureoling)
List(vicennial, uncynical, technical, dicentras, decennial, cocineras, accentual)
List(paraforms, birdfarms)
List(woenesses, whereases, weekender, weekended, waenesses, unelected, seeresses, seedeater, sceneries, reerected, reemerges, reemerged, reelected, reejected, quenelles, preventer, prevented, pretexted, pretested, pretenses, pretender, pretended, pretences, preserves, preserver, preserved, presenter, presentee, presented, presences, prereview, premerger, prelected, preheater, preheated, preferrer, preferred, precesses, precessed, precented, poetesses, peeresses, overeater, overeaten, overeager, onenesses, omelettes, eyeletted, elevenses, duenesses, crenelles, crenelled, credences, coexerted, coerected, cleveites, breweries, brevetted, beekeeper, beefeater)
c(rot=0,col=3,0,7)
List(graftages, godfather, gauffered, garfishes)
List(reliquefy)
List(emanation)
List(swearword, subaltern, subahdars, strappers, strangury, strangers, stranders, strainers, steadiers, squawkers, squatters, squashers, squanders, squallers, sprawlers, splatters, splashers, spearwort, solanders, sheathers, semaphore, secateurs, scrawlers, scrappers, sclaffers)
List(subniches, stonishes, stonished, stinkweed, stingaree, stenokies, stenciler, stenciled, stenchier, stannites, stanhopes, sponsored, spinneret, spinnaker, spinelles, spindlier, spinaches, spanglier, spandexes, spanceled, sonnetted, sonneteer, slynesses, slenderer, slanderer, slandered, signories, signifies, signifier, signified, signalmen, signaller, signalled, shynesses, shunpikes, shunpiker, shunpiked, shinneyed, shinbones, shantymen, scunnered, schnozzes, schnorrer, schnorkel, schnitzel, schnecken, schnauzer, sceneries, scandaled, saunterer, sauntered, saintlier, sadnesses)
List(placative)
List(ostiaries, ordinates, optionees, optimizes, optimizer, optimized, optimises, optimised, oppilates, oppilated, omnivores, omnibuses, officered, obligates, obligated)
List(swearword, subaltern, subahdars, strappers, strangury, strangers, stranders, strainers, steadiers, squawkers, squatters, squashers, squanders, squallers, sprawlers, splatters, splashers, spearwort, solanders, sheathers, semaphore, secateurs, scrawlers, scrappers, sclaffers)
List(spillways)
List(inspector)
List(burrstone, burrowing, buhrstone, bourgeons, borrowing, bewraying, betraying, begriming, bedraping, becriming, bearskins, barreling, barraging)
List(lysozymes, lysosomes, lycopenes, logotypes, logorrhea, locomotes, locomoted, liposomes, lipolyses, lipocytes, limonites, limonenes, licorices, lemonades, lanolines, laborites)
c(rot=0,col=3,5,7)
List(subchiefs, mischiefs, kerchiefs)
List(ataraxies, anorexies)
List(upsetters, unfetters, semesters, selectors, sedentary, rimesters, reverters, retexture, resetters, repertory, repenters, repeaters, reletters, rejectors, rejecters, reheaters, refectory, receptors, quaestors, polestars, patentors, offertory, objectors, momentary, molesters, misenters, mesentery, mesentera, lodestars, lamenters, jokesters, investors, invertors, inverters, inventory, inventors, inventers, interterm, insetters, inserters, insectary, injectors, infesters, infectors, infecters, indenture, indentors, indenters, inceptors, incenters, gamesters, foresters, fomenters, firestorm, figeaters, enfetters, effectors, effecters, dysentery, dopesters, diverters, directory, directors, digestors, digesters, detesters, detectors, detecters, deserters, defectors, defeature, defeaters, decenters, debenture, coverture, cofeature, codebtors, cementers, caveators, calenture, bisectors, bimesters, besetters, begetters, attestors, attesters, assertors, asserters, assentors, assenters, arrestors, arresters, anteaters, ancestors, affecters, adventure, acceptors, accepters, accentors, absenters)
List(sandshoes, handwheel)
List(tariffing)
List(portulaca, fortalice, dactylics, bootblack)
List(workwomen, workboxes, sovkhozes, sinkholes, rockroses, lockboxes, kolkhozes, kolkhoses, kickboxer, hooknoses, hawknoses, gunkholes, gunkholed, folkmotes, folklores, booklores, banknotes, backbones)
List(vavasours, paramours, belabours)
List(storeroom, overproof, guardroom, courtroom, boardroom)
List(submicron, mummichog)
List(paraforms)
List(tipsiness, terseness, tenseness, pursiness, prosiness, plushness, noisiness, newsiness, mussiness, mousiness, moistness, messiness, lousiness, looseness, horsiness, harshness, gutsiness, grossness, gassiness, fussiness, freshness, flushness, falseness, denseness, crossness, crispness, crassness, closeness, briskness, brashness, bossiness, apishness)
c(rot=0,col=5,7,3)
List(censusing)
List(subchiefs, mischiefs, kerchiefs)
List(ataraxies, anorexies)
List(upsetters, unfetters, semesters, selectors, sedentary, rimesters, reverters, retexture, resetters, repertory, repenters, repeaters, reletters, rejectors, rejecters, reheaters, refectory, receptors, quaestors, polestars, patentors, offertory, objectors, momentary, molesters, misenters, mesentery, mesentera, lodestars, lamenters, jokesters, investors, invertors, inverters, inventory, inventors, inventers, interterm, insetters, inserters, insectary, injectors, infesters, infectors, infecters, indenture, indentors, indenters, inceptors, incenters, gamesters, foresters, fomenters, firestorm, figeaters, enfetters, effectors, effecters, dysentery, dopesters, diverters, directory, directors, digestors, digesters, detesters, detectors, detecters, deserters, defectors, defeature, defeaters, decenters, debenture, coverture, cofeature, codebtors, cementers, caveators, calenture, bisectors, bimesters, besetters, begetters, attestors, attesters, assertors, asserters, assentors, assenters, arrestors, arresters, anteaters, ancestors, affecters, adventure, acceptors, accepters, accentors, absenters)
List(sandshoes, handwheel)
List(tariffing)
List(portulaca, fortalice, dactylics, bootblack)
List(workwomen, workboxes, sovkhozes, sinkholes, rockroses, lockboxes, kolkhozes, kolkhoses, kickboxer, hooknoses, hawknoses, gunkholes, gunkholed, folkmotes, folklores, booklores, banknotes, backbones)
List(vavasours, paramours, belabours)
List(storeroom, overproof, guardroom, courtroom, boardroom)
List(submicron, mummichog)
List(paraforms)
c(rot=0,col=4,1,6)
List(silicifying)
List(experiences, experienced)
List(storefronts, statecrafts, stagecrafts)
List(chandleries)
List(aficionados, aficionadas)
List(plasticizes, plasticizer, plasticized, plasticines, plasticenes, plastically, plantocracy, elasticized, elastically, blastocysts, blastocoels, blastocoele)
List(lockkeepers, goalkeepers, doorkeepers, bookkeeping, bookkeepers)
List(podiatrists, noncarriers, compatriots, cockatrices)
List(arteriogram)
List(actomyosins, accommodate)
List(nonpayments, nonharmonic)
List(unresisting, unresistant)
c(rot=0,col=4,7,0)
List(famishments)
List(enchiridion)
List(relaxations)
List(expatiation, expatiating, existential, eventuating, electrotype)
List(nonthinking)
List(chiffonades, chiffchaffs)
List(espaliering, equilibrium, equilibrist, equilibrate, equilibrant)
List(rhizotomies)
List(osteoplasty, osteoclasts, osteoblasts, orthostatic, orthography, orthoclases, oligoclases, oligochaete, ochlocratic)
List(overreacted, overreaches, overreacher, overreached, outpreaches, outpreached)
List(monochromic, monochromes, monochromat)
List(supervening, supertonics, supertanker, supersonics, supersinger, superlunary, superliners, supercenter, suburbanize, suburbanite, suburbanise, subordinate, scherzandos)
